<?xml version="1.0" encoding="UTF-8"?>
<!-- Generated by org.testng.reporters.JUnitXMLReporter -->
<testsuite ignored="0" hostname="DESKTOP-9NIH3SE" failures="0" tests="1" name="Test-Runner-2" time="24.018" errors="0" timestamp="2024-03-18T08:56:41 IST">
  <testcase classname="contactsTests.CreateContactWithLeadSourceTest" name="createContactWithLeadSource" time="9.337"/>
</testsuite> <!-- Test-Runner-2 -->
