<?xml version="1.0" encoding="UTF-8"?>
<!-- Generated by org.testng.reporters.JUnitXMLReporter -->
<testsuite ignored="0" hostname="DESKTOP-9NIH3SE" failures="0" tests="2" name="Test-Runner-1" time="28.316" errors="0" timestamp="2024-03-18T08:56:45 IST">
  <testcase classname="contactsTests.CreateNewContactTest" name="createNewContactWithMandatoryFields" time="10.604"/>
  <testcase classname="contactsTests.CreateNewContactTest" name="sample" time="0.002"/>
</testsuite> <!-- Test-Runner-1 -->
